<?xml version="1.0" encoding="UTF-8"?>
<testsuite xmlns:xsi="http://www.w3.org/2001/XMLSchema-instance" xsi:noNamespaceSchemaLocation="https://maven.apache.org/surefire/maven-surefire-plugin/xsd/surefire-test-report-3.0.xsd" version="3.0" name="com.example.proyectofinal_clinica.ProyectoFinalClinicaApplicationTests" time="9.838" tests="1" errors="0" skipped="0" failures="0">
  <properties>
[...]
</properties>
  <testcase name="contextLoads" classname="com.example.proyectofinal_clinica.ProyectoFinalClinicaApplicationTests" time="0.199">
    <system-out><![CDATA[16:30:14.341 [main] DEBUG org.springframework.test.context.BootstrapUtils - Instantiating CacheAwareContextLoaderDelegate from class [org.springframework.test.context.cache.DefaultCacheAwareContextLoaderDelegate]
16:30:14.390 [main] DEBUG org.springframework.test.context.BootstrapUtils - Instantiating BootstrapContext using constructor [public org.springframework.test.context.support.DefaultBootstrapContext(java.lang.Class,org.springframework.test.context.CacheAwareContextLoaderDelegate)]
16:30:14.527 [main] DEBUG org.springframework.test.context.BootstrapUtils - Instantiating TestContextBootstrapper for test class [com.example.proyectofinal_clinica.ProyectoFinalClinicaApplicationTests] from class [org.springframework.boot.test.context.SpringBootTestContextBootstrapper]
16:30:14.565 [main] INFO org.springframework.boot.test.context.SpringBootTestContextBootstrapper - Neither @ContextConfiguration nor @ContextHierarchy found for test class [com.example.proyectofinal_clinica.ProyectoFinalClinicaApplicationTests], using SpringBootContextLoader
16:30:14.578 [main] DEBUG org.springframework.test.context.support.AbstractContextLoader - Did not detect default resource location for test class [com.example.proyectofinal_clinica.ProyectoFinalClinicaApplicationTests]: class path resource [com/example/proyectofinal_clinica/ProyectoFinalClinicaApplicationTests-context.xml] does not exist
16:30:14.580 [main] DEBUG org.springframework.test.context.support.AbstractContextLoader - Did not detect default resource location for test class [com.example.proyectofinal_clinica.ProyectoFinalClinicaApplicationTests]: class path resource [com/example/proyectofinal_clinica/ProyectoFinalClinicaApplicationTestsContext.groovy] does not exist
16:30:14.581 [main] INFO org.springframework.test.context.support.AbstractContextLoader - Could not detect default resource locations for test class [com.example.proyectofinal_clinica.ProyectoFinalClinicaApplicationTests]: no resource found for suffixes {-context.xml, Context.groovy}.
16:30:14.582 [main] INFO org.springframework.test.context.support.AnnotationConfigContextLoaderUtils - Could not detect default configuration classes for test class [com.example.proyectofinal_clinica.ProyectoFinalClinicaApplicationTests]: ProyectoFinalClinicaApplicationTests does not declare any static, non-private, non-final, nested classes annotated with @Configuration.
16:30:14.668 [main] DEBUG org.springframework.test.context.support.ActiveProfilesUtils - Could not find an 'annotation declaring class' for annotation type [org.springframework.test.context.ActiveProfiles] and class [com.example.proyectofinal_clinica.ProyectoFinalClinicaApplicationTests]
16:30:14.790 [main] DEBUG org.springframework.context.annotation.ClassPathScanningCandidateComponentProvider - Identified candidate component class: file [C:\Users\giand\OneDrive\Escritorio\gian\proyectofinal_clinica\target\classes\com\example\proyectofinal_clinica\ProyectoFinalClinicaApplication.class]
16:30:14.791 [main] INFO org.springframework.boot.test.context.SpringBootTestContextBootstrapper - Found @SpringBootConfiguration com.example.proyectofinal_clinica.ProyectoFinalClinicaApplication for test class com.example.proyectofinal_clinica.ProyectoFinalClinicaApplicationTests
16:30:14.934 [main] DEBUG org.springframework.boot.test.context.SpringBootTestContextBootstrapper - @TestExecutionListeners is not present for class [com.example.proyectofinal_clinica.ProyectoFinalClinicaApplicationTests]: using defaults.
16:30:14.935 [main] INFO org.springframework.boot.test.context.SpringBootTestContextBootstrapper - Loaded default TestExecutionListener class names from location [META-INF/spring.factories]: [org.springframework.boot.test.mock.mockito.MockitoTestExecutionListener, org.springframework.boot.test.mock.mockito.ResetMocksTestExecutionListener, org.springframework.boot.test.autoconfigure.restdocs.RestDocsTestExecutionListener, org.springframework.boot.test.autoconfigure.web.client.MockRestServiceServerResetTestExecutionListener, org.springframework.boot.test.autoconfigure.web.servlet.MockMvcPrintOnlyOnFailureTestExecutionListener, org.springframework.boot.test.autoconfigure.web.servlet.WebDriverTestExecutionListener, org.springframework.boot.test.autoconfigure.webservices.client.MockWebServiceServerTestExecutionListener, org.springframework.test.context.web.ServletTestExecutionListener, org.springframework.test.context.support.DirtiesContextBeforeModesTestExecutionListener, org.springframework.test.context.event.ApplicationEventsTestExecutionListener, org.springframework.test.context.support.DependencyInjectionTestExecutionListener, org.springframework.test.context.support.DirtiesContextTestExecutionListener, org.springframework.test.context.transaction.TransactionalTestExecutionListener, org.springframework.test.context.jdbc.SqlScriptsTestExecutionListener, org.springframework.test.context.event.EventPublishingTestExecutionListener]
16:30:14.967 [main] INFO org.springframework.boot.test.context.SpringBootTestContextBootstrapper - Using TestExecutionListeners: [org.springframework.test.context.web.ServletTestExecutionListener@e57b96d, org.springframework.test.context.support.DirtiesContextBeforeModesTestExecutionListener@32c726ee, org.springframework.test.context.event.ApplicationEventsTestExecutionListener@22f31dec, org.springframework.boot.test.mock.mockito.MockitoTestExecutionListener@34c01041, org.springframework.boot.test.autoconfigure.SpringBootDependencyInjectionTestExecutionListener@76f4b65, org.springframework.test.context.support.DirtiesContextTestExecutionListener@c94fd30, org.springframework.test.context.transaction.TransactionalTestExecutionListener@36328d33, org.springframework.test.context.jdbc.SqlScriptsTestExecutionListener@2c4d1ac, org.springframework.test.context.event.EventPublishingTestExecutionListener@7f0d96f2, org.springframework.boot.test.mock.mockito.ResetMocksTestExecutionListener@545b995e, org.springframework.boot.test.autoconfigure.restdocs.RestDocsTestExecutionListener@76a2ddf3, org.springframework.boot.test.autoconfigure.web.client.MockRestServiceServerResetTestExecutionListener@524f3b3a, org.springframework.boot.test.autoconfigure.web.servlet.MockMvcPrintOnlyOnFailureTestExecutionListener@41e68d87, org.springframework.boot.test.autoconfigure.web.servlet.WebDriverTestExecutionListener@49ff7d8c, org.springframework.boot.test.autoconfigure.webservices.client.MockWebServiceServerTestExecutionListener@29526c05]
16:30:14.972 [main] DEBUG org.springframework.test.context.support.AbstractDirtiesContextTestExecutionListener - Before test class: context [DefaultTestContext@2f62ea70 testClass = ProyectoFinalClinicaApplicationTests, testInstance = [null], testMethod = [null], testException = [null], mergedContextConfiguration = [WebMergedContextConfiguration@24ba9639 testClass = ProyectoFinalClinicaApplicationTests, locations = '{}', classes = '{class com.example.proyectofinal_clinica.ProyectoFinalClinicaApplication}', contextInitializerClasses = '[]', activeProfiles = '{}', propertySourceLocations = '{}', propertySourceProperties = '{org.springframework.boot.test.context.SpringBootTestContextBootstrapper=true}', contextCustomizers = set[org.springframework.boot.test.context.filter.ExcludeFilterContextCustomizer@729d991e, org.springframework.boot.test.json.DuplicateJsonObjectContextCustomizerFactory$DuplicateJsonObjectContextCustomizer@32502377, org.springframework.boot.test.mock.mockito.MockitoContextCustomizer@0, org.springframework.boot.test.web.client.TestRestTemplateContextCustomizer@4b8ee4de, org.springframework.boot.test.autoconfigure.actuate.metrics.MetricsExportContextCustomizerFactory$DisableMetricExportContextCustomizer@2d710f1a, org.springframework.boot.test.autoconfigure.properties.PropertyMappingContextCustomizer@0, org.springframework.boot.test.autoconfigure.web.servlet.WebDriverContextCustomizerFactory$Customizer@4d5650ae, org.springframework.boot.test.context.SpringBootTestArgs@1, org.springframework.boot.test.context.SpringBootTestWebEnvironment@3b94d659], resourceBasePath = 'src/main/webapp', contextLoader = 'org.springframework.boot.test.context.SpringBootContextLoader', parent = [null]], attributes = map['org.springframework.test.context.web.ServletTestExecutionListener.activateListener' -> true]], class annotated with @DirtiesContext [false] with mode [null].
16:30:15.054 [main] DEBUG org.springframework.boot.ApplicationServletEnvironment - Activating profiles []
16:30:15.055 [main] DEBUG org.springframework.test.context.support.TestPropertySourceUtils - Adding inlined properties to environment: {spring.jmx.enabled=false, org.springframework.boot.test.context.SpringBootTestContextBootstrapper=true}

  .   ____          _            __ _ _
 /\\ / ___'_ __ _ _(_)_ __  __ _ \ \ \ \
( ( )\___ | '_ | '_| | '_ \/ _` | \ \ \ \
 \\/  ___)| |_)| | | | | || (_| |  ) ) ) )
  '  |____| .__|_| |_|_| |_\__, | / / / /
 =========|_|==============|___/=/_/_/_/
 :: Spring Boot ::                (v2.5.8)

2022-04-12 16:30:15.409  INFO 14076 --- [           main] e.p.ProyectoFinalClinicaApplicationTests : Starting ProyectoFinalClinicaApplicationTests using Java 18 on PC-de-Gianluca with PID 14076 (started by giand in C:\Users\giand\OneDrive\Escritorio\gian\proyectofinal_clinica)
2022-04-12 16:30:15.411  INFO 14076 --- [           main] e.p.ProyectoFinalClinicaApplicationTests : No active profile set, falling back to default profiles: default
2022-04-12 16:30:17.541  INFO 14076 --- [           main] .s.d.r.c.RepositoryConfigurationDelegate : Bootstrapping Spring Data JPA repositories in DEFAULT mode.
2022-04-12 16:30:17.680  INFO 14076 --- [           main] .s.d.r.c.RepositoryConfigurationDelegate : Finished Spring Data repository scanning in 120 ms. Found 4 JPA repository interfaces.
2022-04-12 16:30:19.043  INFO 14076 --- [           main] o.hibernate.jpa.internal.util.LogHelper  : HHH000204: Processing PersistenceUnitInfo [name: default]
2022-04-12 16:30:19.181  INFO 14076 --- [           main] org.hibernate.Version                    : HHH000412: Hibernate ORM core version 5.4.33
2022-04-12 16:30:19.496  INFO 14076 --- [           main] o.hibernate.annotations.common.Version   : HCANN000001: Hibernate Commons Annotations {5.1.2.Final}
2022-04-12 16:30:19.782  INFO 14076 --- [           main] com.zaxxer.hikari.HikariDataSource       : HikariPool-1 - Starting...
2022-04-12 16:30:20.083  INFO 14076 --- [           main] com.zaxxer.hikari.HikariDataSource       : HikariPool-1 - Start completed.
2022-04-12 16:30:20.102  INFO 14076 --- [           main] org.hibernate.dialect.Dialect            : HHH000400: Using dialect: org.hibernate.dialect.H2Dialect
Hibernate: 
    
    drop table if exists addresses CASCADE 
Hibernate: 
    
    drop table if exists appointments CASCADE 
Hibernate: 
    
    drop table if exists dentists CASCADE 
Hibernate: 
    
    drop table if exists patients CASCADE 
Hibernate: 
    
    drop sequence if exists addresses_seq
Hibernate: 
    
    drop sequence if exists appointment_seq
Hibernate: 
    
    drop sequence if exists dentist_seq
Hibernate: 
    
    drop sequence if exists patients_seq
Hibernate: create sequence addresses_seq start with 1 increment by 50
Hibernate: create sequence appointment_seq start with 1 increment by 1
Hibernate: create sequence dentist_seq start with 1 increment by 1
Hibernate: create sequence patients_seq start with 1 increment by 1
Hibernate: 
    
    create table addresses (
       id bigint not null,
        location varchar(255),
        number varchar(255),
        province varchar(255),
        street varchar(255),
        primary key (id)
    )
Hibernate: 
    
    create table appointments (
       appointment_id bigint not null,
        date_appointment date,
        dentist_id bigint not null,
        patient_id bigint not null,
        primary key (appointment_id)
    )
Hibernate: 
    
    create table dentists (
       dentist_id bigint not null,
        last_name varchar(255),
        matricula varchar(255),
        name varchar(255),
        primary key (dentist_id)
    )
Hibernate: 
    
    create table patients (
       id bigint not null,
        admission_date date,
        dni varchar(255),
        last_name varchar(255),
        name varchar(255),
        address_id bigint not null,
        primary key (id)
    )
Hibernate: 
    
    alter table appointments 
       add constraint FKqsnula0nj86s67otibu2j2hsv 
       foreign key (dentist_id) 
       references dentists
Hibernate: 
    
    alter table appointments 
       add constraint FK8exap5wmg8kmb1g1rx3by21yt 
       foreign key (patient_id) 
       references patients
Hibernate: 
    
    alter table patients 
       add constraint FKjc8017x8ae0rqi11m8jmny646 
       foreign key (address_id) 
       references addresses
2022-04-12 16:30:20.874  INFO 14076 --- [           main] o.h.e.t.j.p.i.JtaPlatformInitiator       : HHH000490: Using JtaPlatform implementation: [org.hibernate.engine.transaction.jta.platform.internal.NoJtaPlatform]
2022-04-12 16:30:20.882  INFO 14076 --- [           main] j.LocalContainerEntityManagerFactoryBean : Initialized JPA EntityManagerFactory for persistence unit 'default'
2022-04-12 16:30:22.162  WARN 14076 --- [           main] JpaBaseConfiguration$JpaWebConfiguration : spring.jpa.open-in-view is enabled by default. Therefore, database queries may be performed during view rendering. Explicitly configure spring.jpa.open-in-view to disable this warning
2022-04-12 16:30:22.310  INFO 14076 --- [           main] o.s.b.a.h2.H2ConsoleAutoConfiguration    : H2 console available at '/h2-console'. Database available at 'jdbc:h2:~/finalProject-db-2'
2022-04-12 16:30:22.659  INFO 14076 --- [           main] pertySourcedRequestMappingHandlerMapping : Mapped URL path [/v2/api-docs] onto method [springfox.documentation.swagger2.web.Swagger2Controller#getDocumentation(String, HttpServletRequest)]
2022-04-12 16:30:23.177  INFO 14076 --- [           main] o.s.b.a.w.s.WelcomePageHandlerMapping    : Adding welcome page: class path resource [static/index.html]
2022-04-12 16:30:23.319  WARN 14076 --- [           main] ion$DefaultTemplateResolverConfiguration : Cannot find template location: classpath:/templates/ (please add some templates or check your Thymeleaf configuration)
2022-04-12 16:30:23.540  INFO 14076 --- [           main] d.s.w.p.DocumentationPluginsBootstrapper : Context refreshed
2022-04-12 16:30:23.575  INFO 14076 --- [           main] d.s.w.p.DocumentationPluginsBootstrapper : Found 1 custom documentation plugin(s)
2022-04-12 16:30:23.618  INFO 14076 --- [           main] s.d.s.w.s.ApiListingReferenceScanner     : Scanning for api listing references
2022-04-12 16:30:23.816  INFO 14076 --- [           main] e.p.ProyectoFinalClinicaApplicationTests : Started ProyectoFinalClinicaApplicationTests in 8.76 seconds (JVM running for 10.678)
]]></system-out>
  </testcase>
</testsuite>